2024/07/30 14:49:56 [notice] 1#1: ModSecurity-nginx v1.0.3 (rules loaded inline/local/remote: 0/8/0)
2024/07/30 14:49:56 [notice] 1#1: libmodsecurity3 version 3.0.12
2024/07/30 16:15:50 [notice] 1#1: ModSecurity-nginx v1.0.3 (rules loaded inline/local/remote: 0/8/0)
2024/07/30 16:15:50 [notice] 1#1: libmodsecurity3 version 3.0.12
2024/08/11 08:35:44 [notice] 1#1: ModSecurity-nginx v1.0.3 (rules loaded inline/local/remote: 0/8/0)
2024/08/11 08:35:44 [notice] 1#1: libmodsecurity3 version 3.0.12
2024/08/11 09:13:35 [notice] 1#1: ModSecurity-nginx v1.0.3 (rules loaded inline/local/remote: 0/8/0)
2024/08/11 09:13:35 [notice] 1#1: libmodsecurity3 version 3.0.12
2024/08/11 09:15:28 [notice] 1#1: ModSecurity-nginx v1.0.3 (rules loaded inline/local/remote: 0/8/0)
2024/08/11 09:15:28 [notice] 1#1: libmodsecurity3 version 3.0.12
2024/08/11 09:20:34 [notice] 1#1: ModSecurity-nginx v1.0.3 (rules loaded inline/local/remote: 0/8/0)
2024/08/11 09:20:34 [notice] 1#1: libmodsecurity3 version 3.0.12
2024/08/11 09:28:03 [notice] 1#1: ModSecurity-nginx v1.0.3 (rules loaded inline/local/remote: 0/8/0)
2024/08/11 09:28:03 [notice] 1#1: libmodsecurity3 version 3.0.12
2024/08/11 09:48:59 [notice] 1#1: ModSecurity-nginx v1.0.3 (rules loaded inline/local/remote: 0/8/0)
2024/08/11 09:48:59 [notice] 1#1: libmodsecurity3 version 3.0.12
2024/08/11 10:50:50 [notice] 1#1: ModSecurity-nginx v1.0.3 (rules loaded inline/local/remote: 0/8/0)
2024/08/11 10:50:50 [notice] 1#1: libmodsecurity3 version 3.0.12
2024/08/11 12:02:33 [notice] 1#1: ModSecurity-nginx v1.0.3 (rules loaded inline/local/remote: 0/8/0)
2024/08/11 12:02:33 [notice] 1#1: libmodsecurity3 version 3.0.12
2024/08/11 12:17:29 [notice] 1#1: ModSecurity-nginx v1.0.3 (rules loaded inline/local/remote: 0/8/0)
2024/08/11 12:17:29 [notice] 1#1: libmodsecurity3 version 3.0.12
2024/08/11 12:25:35 [notice] 1#1: ModSecurity-nginx v1.0.3 (rules loaded inline/local/remote: 0/8/0)
2024/08/11 12:25:35 [notice] 1#1: libmodsecurity3 version 3.0.12
2024/08/11 12:33:28 [notice] 1#1: ModSecurity-nginx v1.0.3 (rules loaded inline/local/remote: 0/8/0)
2024/08/11 12:33:28 [notice] 1#1: libmodsecurity3 version 3.0.12
2024/08/11 12:35:17 [notice] 1#1: ModSecurity-nginx v1.0.3 (rules loaded inline/local/remote: 0/8/0)
2024/08/11 12:35:17 [notice] 1#1: libmodsecurity3 version 3.0.12
2024/08/11 13:05:54 [notice] 1#1: ModSecurity-nginx v1.0.3 (rules loaded inline/local/remote: 0/8/0)
2024/08/11 13:05:54 [notice] 1#1: libmodsecurity3 version 3.0.12
2024/08/11 13:46:27 [notice] 1#1: ModSecurity-nginx v1.0.3 (rules loaded inline/local/remote: 0/8/0)
2024/08/11 13:46:27 [notice] 1#1: libmodsecurity3 version 3.0.12
2024/08/11 13:51:06 [notice] 1#1: ModSecurity-nginx v1.0.3 (rules loaded inline/local/remote: 0/8/0)
2024/08/11 13:51:06 [notice] 1#1: libmodsecurity3 version 3.0.12
2024/08/11 13:55:19 [notice] 1#1: ModSecurity-nginx v1.0.3 (rules loaded inline/local/remote: 0/8/0)
2024/08/11 13:55:19 [notice] 1#1: libmodsecurity3 version 3.0.12
2024/08/11 13:55:54 [notice] 1#1: ModSecurity-nginx v1.0.3 (rules loaded inline/local/remote: 0/8/0)
2024/08/11 13:55:54 [notice] 1#1: libmodsecurity3 version 3.0.12
2024/08/11 13:58:10 [notice] 1#1: ModSecurity-nginx v1.0.3 (rules loaded inline/local/remote: 0/8/0)
2024/08/11 13:58:10 [notice] 1#1: libmodsecurity3 version 3.0.12
2024/08/11 14:02:29 [notice] 1#1: ModSecurity-nginx v1.0.3 (rules loaded inline/local/remote: 0/8/0)
2024/08/11 14:02:29 [notice] 1#1: libmodsecurity3 version 3.0.12
2024/08/11 14:03:18 [notice] 1#1: ModSecurity-nginx v1.0.3 (rules loaded inline/local/remote: 0/8/0)
2024/08/11 14:03:18 [notice] 1#1: libmodsecurity3 version 3.0.12
2024/08/11 14:06:16 [notice] 1#1: ModSecurity-nginx v1.0.3 (rules loaded inline/local/remote: 0/8/0)
2024/08/11 14:06:16 [notice] 1#1: libmodsecurity3 version 3.0.12
2024/08/11 14:07:35 [notice] 1#1: ModSecurity-nginx v1.0.3 (rules loaded inline/local/remote: 0/8/0)
2024/08/11 14:07:35 [notice] 1#1: libmodsecurity3 version 3.0.12
2024/08/11 14:22:02 [notice] 1#1: ModSecurity-nginx v1.0.3 (rules loaded inline/local/remote: 0/8/0)
2024/08/11 14:22:02 [notice] 1#1: libmodsecurity3 version 3.0.12
2024/08/11 14:29:18 [notice] 1#1: ModSecurity-nginx v1.0.3 (rules loaded inline/local/remote: 0/8/0)
2024/08/11 14:29:18 [notice] 1#1: libmodsecurity3 version 3.0.12
2024/08/11 14:33:02 [notice] 1#1: ModSecurity-nginx v1.0.3 (rules loaded inline/local/remote: 0/8/0)
2024/08/11 14:33:02 [notice] 1#1: libmodsecurity3 version 3.0.12
2024/08/12 14:46:33 [notice] 1#1: ModSecurity-nginx v1.0.3 (rules loaded inline/local/remote: 0/8/0)
2024/08/12 14:46:33 [notice] 1#1: libmodsecurity3 version 3.0.12
2024/08/12 15:28:34 [notice] 1#1: ModSecurity-nginx v1.0.3 (rules loaded inline/local/remote: 0/8/0)
2024/08/12 15:28:34 [notice] 1#1: libmodsecurity3 version 3.0.12
2024/08/12 15:37:01 [notice] 1#1: ModSecurity-nginx v1.0.3 (rules loaded inline/local/remote: 0/8/0)
2024/08/12 15:37:01 [notice] 1#1: libmodsecurity3 version 3.0.12
2024/08/12 15:37:42 [notice] 1#1: ModSecurity-nginx v1.0.3 (rules loaded inline/local/remote: 0/8/0)
2024/08/12 15:37:42 [notice] 1#1: libmodsecurity3 version 3.0.12
2024/08/12 15:38:15 [notice] 1#1: ModSecurity-nginx v1.0.3 (rules loaded inline/local/remote: 0/8/0)
2024/08/12 15:38:15 [notice] 1#1: libmodsecurity3 version 3.0.12
2024/08/12 15:45:03 [notice] 1#1: ModSecurity-nginx v1.0.3 (rules loaded inline/local/remote: 0/8/0)
2024/08/12 15:45:03 [notice] 1#1: libmodsecurity3 version 3.0.12
2024/08/12 15:54:41 [notice] 1#1: ModSecurity-nginx v1.0.3 (rules loaded inline/local/remote: 0/8/0)
2024/08/12 15:54:41 [notice] 1#1: libmodsecurity3 version 3.0.12
2024/08/13 16:23:58 [notice] 1#1: ModSecurity-nginx v1.0.3 (rules loaded inline/local/remote: 0/8/0)
2024/08/13 16:23:58 [notice] 1#1: libmodsecurity3 version 3.0.12
2024/08/13 16:38:15 [notice] 1#1: ModSecurity-nginx v1.0.3 (rules loaded inline/local/remote: 0/8/0)
2024/08/13 16:38:15 [notice] 1#1: libmodsecurity3 version 3.0.12
2024/08/13 17:55:40 [notice] 1#1: ModSecurity-nginx v1.0.3 (rules loaded inline/local/remote: 0/8/0)
2024/08/13 17:55:40 [notice] 1#1: libmodsecurity3 version 3.0.12
2024/08/13 17:57:24 [notice] 1#1: ModSecurity-nginx v1.0.3 (rules loaded inline/local/remote: 0/8/0)
2024/08/13 17:57:24 [notice] 1#1: libmodsecurity3 version 3.0.12
2024/08/14 11:07:22 [notice] 1#1: ModSecurity-nginx v1.0.3 (rules loaded inline/local/remote: 0/8/0)
2024/08/14 11:07:22 [notice] 1#1: libmodsecurity3 version 3.0.12
2024/08/14 11:22:53 [notice] 1#1: ModSecurity-nginx v1.0.3 (rules loaded inline/local/remote: 0/8/0)
2024/08/14 11:22:53 [notice] 1#1: libmodsecurity3 version 3.0.12
2024/08/14 11:55:22 [notice] 1#1: ModSecurity-nginx v1.0.3 (rules loaded inline/local/remote: 0/8/0)
2024/08/14 11:55:22 [notice] 1#1: libmodsecurity3 version 3.0.12
2024/08/14 12:13:26 [notice] 1#1: ModSecurity-nginx v1.0.3 (rules loaded inline/local/remote: 0/8/0)
2024/08/14 12:13:26 [notice] 1#1: libmodsecurity3 version 3.0.12
2024/08/14 12:28:58 [notice] 1#1: ModSecurity-nginx v1.0.3 (rules loaded inline/local/remote: 0/8/0)
2024/08/14 12:28:58 [notice] 1#1: libmodsecurity3 version 3.0.12
2024/08/14 12:30:10 [notice] 1#1: ModSecurity-nginx v1.0.3 (rules loaded inline/local/remote: 0/8/0)
2024/08/14 12:30:10 [notice] 1#1: libmodsecurity3 version 3.0.12
2024/08/14 13:26:45 [notice] 1#1: ModSecurity-nginx v1.0.3 (rules loaded inline/local/remote: 0/8/0)
2024/08/14 13:26:45 [notice] 1#1: libmodsecurity3 version 3.0.12
2024/08/14 13:26:57 [notice] 1#1: ModSecurity-nginx v1.0.3 (rules loaded inline/local/remote: 0/8/0)
2024/08/14 13:26:57 [notice] 1#1: libmodsecurity3 version 3.0.12
2024/08/14 15:06:23 [notice] 1#1: ModSecurity-nginx v1.0.3 (rules loaded inline/local/remote: 0/8/0)
2024/08/14 15:06:23 [notice] 1#1: libmodsecurity3 version 3.0.12
2024/08/14 15:37:51 [error] 10#10: *286 upstream prematurely closed connection while reading response header from upstream, client: 172.19.0.1, server: localhost, request: "GET /src/assets/logo.png?t=1723649871328 HTTP/1.1", upstream: "http://172.19.0.2:5173/src/assets/logo.png?t=1723649871328", host: "localhost", referrer: "http://localhost/"
2024/08/14 17:35:19 [notice] 1#1: ModSecurity-nginx v1.0.3 (rules loaded inline/local/remote: 0/8/0)
2024/08/14 17:35:19 [notice] 1#1: libmodsecurity3 version 3.0.12
2024/08/14 17:35:41 [notice] 1#1: ModSecurity-nginx v1.0.3 (rules loaded inline/local/remote: 0/8/0)
2024/08/14 17:35:41 [notice] 1#1: libmodsecurity3 version 3.0.12
2024/08/14 18:13:01 [notice] 1#1: ModSecurity-nginx v1.0.3 (rules loaded inline/local/remote: 0/8/0)
2024/08/14 18:13:01 [notice] 1#1: libmodsecurity3 version 3.0.12
2024/08/15 12:03:26 [notice] 1#1: ModSecurity-nginx v1.0.3 (rules loaded inline/local/remote: 0/8/0)
2024/08/15 12:03:26 [notice] 1#1: libmodsecurity3 version 3.0.12
2024/08/15 12:04:41 [notice] 1#1: ModSecurity-nginx v1.0.3 (rules loaded inline/local/remote: 0/8/0)
2024/08/15 12:04:41 [notice] 1#1: libmodsecurity3 version 3.0.12
2024/08/15 12:05:38 [notice] 1#1: ModSecurity-nginx v1.0.3 (rules loaded inline/local/remote: 0/8/0)
2024/08/15 12:05:38 [notice] 1#1: libmodsecurity3 version 3.0.12
2024/08/15 12:13:57 [notice] 1#1: ModSecurity-nginx v1.0.3 (rules loaded inline/local/remote: 0/8/0)
2024/08/15 12:13:57 [notice] 1#1: libmodsecurity3 version 3.0.12
2024/08/15 17:36:02 [notice] 1#1: ModSecurity-nginx v1.0.3 (rules loaded inline/local/remote: 0/8/0)
2024/08/15 17:36:02 [notice] 1#1: libmodsecurity3 version 3.0.12
2024/08/15 17:44:40 [notice] 1#1: ModSecurity-nginx v1.0.3 (rules loaded inline/local/remote: 0/8/0)
2024/08/15 17:44:40 [notice] 1#1: libmodsecurity3 version 3.0.12
2024/08/17 10:16:17 [notice] 1#1: ModSecurity-nginx v1.0.3 (rules loaded inline/local/remote: 0/8/0)
2024/08/17 10:16:17 [notice] 1#1: libmodsecurity3 version 3.0.12
2024/08/17 13:14:12 [notice] 1#1: ModSecurity-nginx v1.0.3 (rules loaded inline/local/remote: 0/8/0)
2024/08/17 13:14:12 [notice] 1#1: libmodsecurity3 version 3.0.12
2024/08/22 08:18:56 [notice] 1#1: ModSecurity-nginx v1.0.3 (rules loaded inline/local/remote: 0/8/0)
2024/08/22 08:18:56 [notice] 1#1: libmodsecurity3 version 3.0.12
2024/08/23 07:54:47 [notice] 1#1: ModSecurity-nginx v1.0.3 (rules loaded inline/local/remote: 0/8/0)
2024/08/23 07:54:47 [notice] 1#1: libmodsecurity3 version 3.0.12
2024/08/23 11:09:34 [notice] 1#1: ModSecurity-nginx v1.0.3 (rules loaded inline/local/remote: 0/8/0)
2024/08/23 11:09:34 [notice] 1#1: libmodsecurity3 version 3.0.12
2024/08/23 11:33:44 [emerg] 1#1: module "/etc/nginx/modules/ngx_http_modsecurity_module.so" version 1027000 instead of 1027001 in /etc/nginx/nginx.conf:6
2024/08/23 11:33:53 [emerg] 1#1: module "/etc/nginx/modules/ngx_http_modsecurity_module.so" version 1027000 instead of 1027001 in /etc/nginx/nginx.conf:6
2024/08/23 11:33:58 [emerg] 1#1: module "/etc/nginx/modules/ngx_http_modsecurity_module.so" version 1027000 instead of 1027001 in /etc/nginx/nginx.conf:6
2024/08/23 11:34:02 [emerg] 1#1: module "/etc/nginx/modules/ngx_http_modsecurity_module.so" version 1027000 instead of 1027001 in /etc/nginx/nginx.conf:6
2024/08/23 11:34:06 [emerg] 1#1: module "/etc/nginx/modules/ngx_http_modsecurity_module.so" version 1027000 instead of 1027001 in /etc/nginx/nginx.conf:6
2024/08/23 11:34:12 [emerg] 1#1: module "/etc/nginx/modules/ngx_http_modsecurity_module.so" version 1027000 instead of 1027001 in /etc/nginx/nginx.conf:6
2024/08/23 11:34:17 [emerg] 1#1: module "/etc/nginx/modules/ngx_http_modsecurity_module.so" version 1027000 instead of 1027001 in /etc/nginx/nginx.conf:6
2024/08/23 11:34:28 [emerg] 1#1: module "/etc/nginx/modules/ngx_http_modsecurity_module.so" version 1027000 instead of 1027001 in /etc/nginx/nginx.conf:6
2024/08/23 11:34:44 [emerg] 1#1: module "/etc/nginx/modules/ngx_http_modsecurity_module.so" version 1027000 instead of 1027001 in /etc/nginx/nginx.conf:6
2024/08/23 11:35:15 [emerg] 1#1: module "/etc/nginx/modules/ngx_http_modsecurity_module.so" version 1027000 instead of 1027001 in /etc/nginx/nginx.conf:6
2024/08/23 11:36:13 [emerg] 1#1: module "/etc/nginx/modules/ngx_http_modsecurity_module.so" version 1027000 instead of 1027001 in /etc/nginx/nginx.conf:6
2024/08/23 11:37:15 [emerg] 1#1: module "/etc/nginx/modules/ngx_http_modsecurity_module.so" version 1027000 instead of 1027001 in /etc/nginx/nginx.conf:6
2024/08/23 11:38:16 [emerg] 1#1: module "/etc/nginx/modules/ngx_http_modsecurity_module.so" version 1027000 instead of 1027001 in /etc/nginx/nginx.conf:6
2024/08/23 11:39:17 [emerg] 1#1: module "/etc/nginx/modules/ngx_http_modsecurity_module.so" version 1027000 instead of 1027001 in /etc/nginx/nginx.conf:6
2024/08/23 11:40:17 [emerg] 1#1: module "/etc/nginx/modules/ngx_http_modsecurity_module.so" version 1027000 instead of 1027001 in /etc/nginx/nginx.conf:6
2024/08/23 11:41:18 [emerg] 1#1: module "/etc/nginx/modules/ngx_http_modsecurity_module.so" version 1027000 instead of 1027001 in /etc/nginx/nginx.conf:6
2024/08/23 11:42:19 [emerg] 1#1: module "/etc/nginx/modules/ngx_http_modsecurity_module.so" version 1027000 instead of 1027001 in /etc/nginx/nginx.conf:6
2024/08/23 11:43:19 [emerg] 1#1: module "/etc/nginx/modules/ngx_http_modsecurity_module.so" version 1027000 instead of 1027001 in /etc/nginx/nginx.conf:6
2024/08/23 11:44:20 [emerg] 1#1: module "/etc/nginx/modules/ngx_http_modsecurity_module.so" version 1027000 instead of 1027001 in /etc/nginx/nginx.conf:6
2024/08/23 11:45:20 [emerg] 1#1: module "/etc/nginx/modules/ngx_http_modsecurity_module.so" version 1027000 instead of 1027001 in /etc/nginx/nginx.conf:6
2024/08/23 11:46:21 [emerg] 1#1: module "/etc/nginx/modules/ngx_http_modsecurity_module.so" version 1027000 instead of 1027001 in /etc/nginx/nginx.conf:6
2024/08/23 11:47:21 [emerg] 1#1: module "/etc/nginx/modules/ngx_http_modsecurity_module.so" version 1027000 instead of 1027001 in /etc/nginx/nginx.conf:6
2024/08/23 11:48:22 [emerg] 1#1: module "/etc/nginx/modules/ngx_http_modsecurity_module.so" version 1027000 instead of 1027001 in /etc/nginx/nginx.conf:6
2024/08/23 11:49:22 [emerg] 1#1: module "/etc/nginx/modules/ngx_http_modsecurity_module.so" version 1027000 instead of 1027001 in /etc/nginx/nginx.conf:6
2024/08/23 11:50:23 [emerg] 1#1: module "/etc/nginx/modules/ngx_http_modsecurity_module.so" version 1027000 instead of 1027001 in /etc/nginx/nginx.conf:6
2024/08/23 11:51:24 [emerg] 1#1: module "/etc/nginx/modules/ngx_http_modsecurity_module.so" version 1027000 instead of 1027001 in /etc/nginx/nginx.conf:6
2024/08/23 11:52:24 [emerg] 1#1: module "/etc/nginx/modules/ngx_http_modsecurity_module.so" version 1027000 instead of 1027001 in /etc/nginx/nginx.conf:6
2024/08/23 11:53:25 [emerg] 1#1: module "/etc/nginx/modules/ngx_http_modsecurity_module.so" version 1027000 instead of 1027001 in /etc/nginx/nginx.conf:6
2024/08/23 11:54:26 [emerg] 1#1: module "/etc/nginx/modules/ngx_http_modsecurity_module.so" version 1027000 instead of 1027001 in /etc/nginx/nginx.conf:6
2024/08/23 11:55:26 [emerg] 1#1: module "/etc/nginx/modules/ngx_http_modsecurity_module.so" version 1027000 instead of 1027001 in /etc/nginx/nginx.conf:6
2024/08/23 11:56:27 [emerg] 1#1: module "/etc/nginx/modules/ngx_http_modsecurity_module.so" version 1027000 instead of 1027001 in /etc/nginx/nginx.conf:6
2024/08/23 11:57:28 [emerg] 1#1: module "/etc/nginx/modules/ngx_http_modsecurity_module.so" version 1027000 instead of 1027001 in /etc/nginx/nginx.conf:6
2024/08/23 11:58:28 [emerg] 1#1: module "/etc/nginx/modules/ngx_http_modsecurity_module.so" version 1027000 instead of 1027001 in /etc/nginx/nginx.conf:6
2024/08/23 11:59:29 [emerg] 1#1: module "/etc/nginx/modules/ngx_http_modsecurity_module.so" version 1027000 instead of 1027001 in /etc/nginx/nginx.conf:6
2024/08/23 12:00:29 [emerg] 1#1: module "/etc/nginx/modules/ngx_http_modsecurity_module.so" version 1027000 instead of 1027001 in /etc/nginx/nginx.conf:6
2024/08/23 12:01:30 [emerg] 1#1: module "/etc/nginx/modules/ngx_http_modsecurity_module.so" version 1027000 instead of 1027001 in /etc/nginx/nginx.conf:6
2024/08/23 12:02:31 [emerg] 1#1: module "/etc/nginx/modules/ngx_http_modsecurity_module.so" version 1027000 instead of 1027001 in /etc/nginx/nginx.conf:6
2024/08/23 12:03:31 [emerg] 1#1: module "/etc/nginx/modules/ngx_http_modsecurity_module.so" version 1027000 instead of 1027001 in /etc/nginx/nginx.conf:6
2024/08/23 12:04:32 [emerg] 1#1: module "/etc/nginx/modules/ngx_http_modsecurity_module.so" version 1027000 instead of 1027001 in /etc/nginx/nginx.conf:6
2024/08/23 12:05:32 [emerg] 1#1: module "/etc/nginx/modules/ngx_http_modsecurity_module.so" version 1027000 instead of 1027001 in /etc/nginx/nginx.conf:6
2024/08/23 12:06:34 [emerg] 1#1: module "/etc/nginx/modules/ngx_http_modsecurity_module.so" version 1027000 instead of 1027001 in /etc/nginx/nginx.conf:6
2024/08/23 12:07:34 [emerg] 1#1: module "/etc/nginx/modules/ngx_http_modsecurity_module.so" version 1027000 instead of 1027001 in /etc/nginx/nginx.conf:6
2024/08/23 12:08:35 [emerg] 1#1: module "/etc/nginx/modules/ngx_http_modsecurity_module.so" version 1027000 instead of 1027001 in /etc/nginx/nginx.conf:6
2024/08/23 12:09:36 [emerg] 1#1: module "/etc/nginx/modules/ngx_http_modsecurity_module.so" version 1027000 instead of 1027001 in /etc/nginx/nginx.conf:6
2024/08/23 12:10:37 [emerg] 1#1: module "/etc/nginx/modules/ngx_http_modsecurity_module.so" version 1027000 instead of 1027001 in /etc/nginx/nginx.conf:6
2024/08/23 12:11:37 [emerg] 1#1: module "/etc/nginx/modules/ngx_http_modsecurity_module.so" version 1027000 instead of 1027001 in /etc/nginx/nginx.conf:6
2024/08/23 12:12:38 [emerg] 1#1: module "/etc/nginx/modules/ngx_http_modsecurity_module.so" version 1027000 instead of 1027001 in /etc/nginx/nginx.conf:6
2024/08/23 12:13:39 [emerg] 1#1: module "/etc/nginx/modules/ngx_http_modsecurity_module.so" version 1027000 instead of 1027001 in /etc/nginx/nginx.conf:6
2024/08/23 12:14:39 [emerg] 1#1: module "/etc/nginx/modules/ngx_http_modsecurity_module.so" version 1027000 instead of 1027001 in /etc/nginx/nginx.conf:6
2024/08/23 12:15:40 [emerg] 1#1: module "/etc/nginx/modules/ngx_http_modsecurity_module.so" version 1027000 instead of 1027001 in /etc/nginx/nginx.conf:6
2024/08/23 12:16:41 [emerg] 1#1: module "/etc/nginx/modules/ngx_http_modsecurity_module.so" version 1027000 instead of 1027001 in /etc/nginx/nginx.conf:6
2024/08/23 12:17:42 [emerg] 1#1: module "/etc/nginx/modules/ngx_http_modsecurity_module.so" version 1027000 instead of 1027001 in /etc/nginx/nginx.conf:6
2024/08/23 12:18:42 [emerg] 1#1: module "/etc/nginx/modules/ngx_http_modsecurity_module.so" version 1027000 instead of 1027001 in /etc/nginx/nginx.conf:6
2024/08/23 12:19:43 [emerg] 1#1: module "/etc/nginx/modules/ngx_http_modsecurity_module.so" version 1027000 instead of 1027001 in /etc/nginx/nginx.conf:6
2024/08/23 12:20:44 [emerg] 1#1: module "/etc/nginx/modules/ngx_http_modsecurity_module.so" version 1027000 instead of 1027001 in /etc/nginx/nginx.conf:6
2024/08/23 12:21:44 [emerg] 1#1: module "/etc/nginx/modules/ngx_http_modsecurity_module.so" version 1027000 instead of 1027001 in /etc/nginx/nginx.conf:6
2024/08/23 12:22:45 [emerg] 1#1: module "/etc/nginx/modules/ngx_http_modsecurity_module.so" version 1027000 instead of 1027001 in /etc/nginx/nginx.conf:6
2024/08/23 12:23:45 [emerg] 1#1: module "/etc/nginx/modules/ngx_http_modsecurity_module.so" version 1027000 instead of 1027001 in /etc/nginx/nginx.conf:6
2024/08/23 12:24:46 [emerg] 1#1: module "/etc/nginx/modules/ngx_http_modsecurity_module.so" version 1027000 instead of 1027001 in /etc/nginx/nginx.conf:6
2024/08/23 12:25:47 [emerg] 1#1: module "/etc/nginx/modules/ngx_http_modsecurity_module.so" version 1027000 instead of 1027001 in /etc/nginx/nginx.conf:6
2024/08/23 12:26:47 [emerg] 1#1: module "/etc/nginx/modules/ngx_http_modsecurity_module.so" version 1027000 instead of 1027001 in /etc/nginx/nginx.conf:6
2024/08/23 12:27:48 [emerg] 1#1: module "/etc/nginx/modules/ngx_http_modsecurity_module.so" version 1027000 instead of 1027001 in /etc/nginx/nginx.conf:6
2024/08/23 12:28:49 [emerg] 1#1: module "/etc/nginx/modules/ngx_http_modsecurity_module.so" version 1027000 instead of 1027001 in /etc/nginx/nginx.conf:6
2024/08/23 12:29:50 [emerg] 1#1: module "/etc/nginx/modules/ngx_http_modsecurity_module.so" version 1027000 instead of 1027001 in /etc/nginx/nginx.conf:6
2024/08/23 12:30:50 [emerg] 1#1: module "/etc/nginx/modules/ngx_http_modsecurity_module.so" version 1027000 instead of 1027001 in /etc/nginx/nginx.conf:6
2024/08/23 12:31:51 [emerg] 1#1: module "/etc/nginx/modules/ngx_http_modsecurity_module.so" version 1027000 instead of 1027001 in /etc/nginx/nginx.conf:6
2024/08/23 12:32:51 [emerg] 1#1: module "/etc/nginx/modules/ngx_http_modsecurity_module.so" version 1027000 instead of 1027001 in /etc/nginx/nginx.conf:6
2024/08/23 12:33:52 [emerg] 1#1: module "/etc/nginx/modules/ngx_http_modsecurity_module.so" version 1027000 instead of 1027001 in /etc/nginx/nginx.conf:6
2024/08/23 12:34:53 [emerg] 1#1: module "/etc/nginx/modules/ngx_http_modsecurity_module.so" version 1027000 instead of 1027001 in /etc/nginx/nginx.conf:6
2024/08/23 12:35:55 [emerg] 1#1: module "/etc/nginx/modules/ngx_http_modsecurity_module.so" version 1027000 instead of 1027001 in /etc/nginx/nginx.conf:6
2024/08/23 12:36:56 [emerg] 1#1: module "/etc/nginx/modules/ngx_http_modsecurity_module.so" version 1027000 instead of 1027001 in /etc/nginx/nginx.conf:6
2024/08/23 12:37:56 [emerg] 1#1: module "/etc/nginx/modules/ngx_http_modsecurity_module.so" version 1027000 instead of 1027001 in /etc/nginx/nginx.conf:6
2024/08/23 12:38:57 [emerg] 1#1: module "/etc/nginx/modules/ngx_http_modsecurity_module.so" version 1027000 instead of 1027001 in /etc/nginx/nginx.conf:6
2024/08/23 12:39:57 [emerg] 1#1: module "/etc/nginx/modules/ngx_http_modsecurity_module.so" version 1027000 instead of 1027001 in /etc/nginx/nginx.conf:6
2024/08/23 12:40:58 [emerg] 1#1: module "/etc/nginx/modules/ngx_http_modsecurity_module.so" version 1027000 instead of 1027001 in /etc/nginx/nginx.conf:6
2024/08/23 12:41:59 [emerg] 1#1: module "/etc/nginx/modules/ngx_http_modsecurity_module.so" version 1027000 instead of 1027001 in /etc/nginx/nginx.conf:6
2024/08/23 12:42:59 [emerg] 1#1: module "/etc/nginx/modules/ngx_http_modsecurity_module.so" version 1027000 instead of 1027001 in /etc/nginx/nginx.conf:6
2024/08/23 12:44:00 [emerg] 1#1: module "/etc/nginx/modules/ngx_http_modsecurity_module.so" version 1027000 instead of 1027001 in /etc/nginx/nginx.conf:6
2024/08/23 12:45:01 [emerg] 1#1: module "/etc/nginx/modules/ngx_http_modsecurity_module.so" version 1027000 instead of 1027001 in /etc/nginx/nginx.conf:6
2024/08/23 12:46:01 [emerg] 1#1: module "/etc/nginx/modules/ngx_http_modsecurity_module.so" version 1027000 instead of 1027001 in /etc/nginx/nginx.conf:6
2024/08/23 12:47:02 [emerg] 1#1: module "/etc/nginx/modules/ngx_http_modsecurity_module.so" version 1027000 instead of 1027001 in /etc/nginx/nginx.conf:6
2024/08/23 12:48:03 [emerg] 1#1: module "/etc/nginx/modules/ngx_http_modsecurity_module.so" version 1027000 instead of 1027001 in /etc/nginx/nginx.conf:6
2024/08/23 12:49:04 [emerg] 1#1: module "/etc/nginx/modules/ngx_http_modsecurity_module.so" version 1027000 instead of 1027001 in /etc/nginx/nginx.conf:6
2024/08/23 12:50:04 [emerg] 1#1: module "/etc/nginx/modules/ngx_http_modsecurity_module.so" version 1027000 instead of 1027001 in /etc/nginx/nginx.conf:6
2024/08/23 12:51:05 [emerg] 1#1: module "/etc/nginx/modules/ngx_http_modsecurity_module.so" version 1027000 instead of 1027001 in /etc/nginx/nginx.conf:6
2024/08/23 12:52:06 [emerg] 1#1: module "/etc/nginx/modules/ngx_http_modsecurity_module.so" version 1027000 instead of 1027001 in /etc/nginx/nginx.conf:6
2024/08/23 12:53:06 [emerg] 1#1: module "/etc/nginx/modules/ngx_http_modsecurity_module.so" version 1027000 instead of 1027001 in /etc/nginx/nginx.conf:6
2024/08/23 12:54:07 [emerg] 1#1: module "/etc/nginx/modules/ngx_http_modsecurity_module.so" version 1027000 instead of 1027001 in /etc/nginx/nginx.conf:6
2024/08/23 12:55:08 [emerg] 1#1: module "/etc/nginx/modules/ngx_http_modsecurity_module.so" version 1027000 instead of 1027001 in /etc/nginx/nginx.conf:6
2024/08/23 12:56:08 [emerg] 1#1: module "/etc/nginx/modules/ngx_http_modsecurity_module.so" version 1027000 instead of 1027001 in /etc/nginx/nginx.conf:6
2024/08/23 12:57:09 [emerg] 1#1: module "/etc/nginx/modules/ngx_http_modsecurity_module.so" version 1027000 instead of 1027001 in /etc/nginx/nginx.conf:6
2024/08/23 12:58:09 [emerg] 1#1: module "/etc/nginx/modules/ngx_http_modsecurity_module.so" version 1027000 instead of 1027001 in /etc/nginx/nginx.conf:6
2024/08/23 12:59:10 [emerg] 1#1: module "/etc/nginx/modules/ngx_http_modsecurity_module.so" version 1027000 instead of 1027001 in /etc/nginx/nginx.conf:6
2024/08/23 13:00:10 [emerg] 1#1: module "/etc/nginx/modules/ngx_http_modsecurity_module.so" version 1027000 instead of 1027001 in /etc/nginx/nginx.conf:6
2024/08/23 13:01:11 [emerg] 1#1: module "/etc/nginx/modules/ngx_http_modsecurity_module.so" version 1027000 instead of 1027001 in /etc/nginx/nginx.conf:6
2024/08/23 13:02:11 [emerg] 1#1: module "/etc/nginx/modules/ngx_http_modsecurity_module.so" version 1027000 instead of 1027001 in /etc/nginx/nginx.conf:6
2024/08/23 13:03:12 [emerg] 1#1: module "/etc/nginx/modules/ngx_http_modsecurity_module.so" version 1027000 instead of 1027001 in /etc/nginx/nginx.conf:6
2024/08/23 13:04:13 [emerg] 1#1: module "/etc/nginx/modules/ngx_http_modsecurity_module.so" version 1027000 instead of 1027001 in /etc/nginx/nginx.conf:6
2024/08/23 13:05:13 [emerg] 1#1: module "/etc/nginx/modules/ngx_http_modsecurity_module.so" version 1027000 instead of 1027001 in /etc/nginx/nginx.conf:6
2024/08/23 13:06:14 [emerg] 1#1: module "/etc/nginx/modules/ngx_http_modsecurity_module.so" version 1027000 instead of 1027001 in /etc/nginx/nginx.conf:6
2024/08/23 13:07:15 [emerg] 1#1: module "/etc/nginx/modules/ngx_http_modsecurity_module.so" version 1027000 instead of 1027001 in /etc/nginx/nginx.conf:6
2024/08/23 13:08:15 [emerg] 1#1: module "/etc/nginx/modules/ngx_http_modsecurity_module.so" version 1027000 instead of 1027001 in /etc/nginx/nginx.conf:6
2024/08/23 13:09:16 [emerg] 1#1: module "/etc/nginx/modules/ngx_http_modsecurity_module.so" version 1027000 instead of 1027001 in /etc/nginx/nginx.conf:6
2024/08/23 13:10:16 [emerg] 1#1: module "/etc/nginx/modules/ngx_http_modsecurity_module.so" version 1027000 instead of 1027001 in /etc/nginx/nginx.conf:6
2024/10/30 11:27:20 [emerg] 1#1: module "/etc/nginx/modules/ngx_http_modsecurity_module.so" version 1027000 instead of 1027002 in /etc/nginx/nginx.conf:6
2024/10/30 11:27:24 [emerg] 1#1: module "/etc/nginx/modules/ngx_http_modsecurity_module.so" version 1027000 instead of 1027002 in /etc/nginx/nginx.conf:6
2024/10/30 11:27:26 [emerg] 1#1: module "/etc/nginx/modules/ngx_http_modsecurity_module.so" version 1027000 instead of 1027002 in /etc/nginx/nginx.conf:6
2024/10/30 11:27:27 [emerg] 1#1: module "/etc/nginx/modules/ngx_http_modsecurity_module.so" version 1027000 instead of 1027002 in /etc/nginx/nginx.conf:6
2024/10/30 11:27:29 [emerg] 1#1: module "/etc/nginx/modules/ngx_http_modsecurity_module.so" version 1027000 instead of 1027002 in /etc/nginx/nginx.conf:6
2024/10/30 11:27:32 [emerg] 1#1: module "/etc/nginx/modules/ngx_http_modsecurity_module.so" version 1027000 instead of 1027002 in /etc/nginx/nginx.conf:6
2024/10/30 11:27:36 [emerg] 1#1: module "/etc/nginx/modules/ngx_http_modsecurity_module.so" version 1027000 instead of 1027002 in /etc/nginx/nginx.conf:6
2024/10/30 11:27:43 [emerg] 1#1: module "/etc/nginx/modules/ngx_http_modsecurity_module.so" version 1027000 instead of 1027002 in /etc/nginx/nginx.conf:6
2024/10/30 11:27:56 [emerg] 1#1: module "/etc/nginx/modules/ngx_http_modsecurity_module.so" version 1027000 instead of 1027002 in /etc/nginx/nginx.conf:6
2024/10/30 11:28:22 [emerg] 1#1: module "/etc/nginx/modules/ngx_http_modsecurity_module.so" version 1027000 instead of 1027002 in /etc/nginx/nginx.conf:6
2024/10/30 11:28:37 [emerg] 1#1: module "/etc/nginx/modules/ngx_http_modsecurity_module.so" version 1027000 instead of 1027002 in /etc/nginx/nginx.conf:6
2024/10/30 11:28:38 [emerg] 1#1: module "/etc/nginx/modules/ngx_http_modsecurity_module.so" version 1027000 instead of 1027002 in /etc/nginx/nginx.conf:6
2024/10/30 11:28:39 [emerg] 1#1: module "/etc/nginx/modules/ngx_http_modsecurity_module.so" version 1027000 instead of 1027002 in /etc/nginx/nginx.conf:6
2024/10/30 11:28:41 [emerg] 1#1: module "/etc/nginx/modules/ngx_http_modsecurity_module.so" version 1027000 instead of 1027002 in /etc/nginx/nginx.conf:6
2024/10/30 11:28:42 [emerg] 1#1: module "/etc/nginx/modules/ngx_http_modsecurity_module.so" version 1027000 instead of 1027002 in /etc/nginx/nginx.conf:6
2024/10/30 11:28:44 [emerg] 1#1: module "/etc/nginx/modules/ngx_http_modsecurity_module.so" version 1027000 instead of 1027002 in /etc/nginx/nginx.conf:6
2024/10/30 11:28:48 [emerg] 1#1: module "/etc/nginx/modules/ngx_http_modsecurity_module.so" version 1027000 instead of 1027002 in /etc/nginx/nginx.conf:6
2024/10/30 11:28:56 [emerg] 1#1: module "/etc/nginx/modules/ngx_http_modsecurity_module.so" version 1027000 instead of 1027002 in /etc/nginx/nginx.conf:6
2024/10/30 11:29:09 [emerg] 1#1: module "/etc/nginx/modules/ngx_http_modsecurity_module.so" version 1027000 instead of 1027002 in /etc/nginx/nginx.conf:6
2024/10/30 11:29:35 [emerg] 1#1: module "/etc/nginx/modules/ngx_http_modsecurity_module.so" version 1027000 instead of 1027002 in /etc/nginx/nginx.conf:6
2024/10/30 11:31:28 [emerg] 1#1: module "/etc/nginx/modules/ngx_http_modsecurity_module.so" version 1027000 instead of 1027002 in /etc/nginx/nginx.conf:6
2024/10/30 11:31:30 [emerg] 1#1: module "/etc/nginx/modules/ngx_http_modsecurity_module.so" version 1027000 instead of 1027002 in /etc/nginx/nginx.conf:6
2024/10/30 11:31:31 [emerg] 1#1: module "/etc/nginx/modules/ngx_http_modsecurity_module.so" version 1027000 instead of 1027002 in /etc/nginx/nginx.conf:6
2024/10/30 11:31:32 [emerg] 1#1: module "/etc/nginx/modules/ngx_http_modsecurity_module.so" version 1027000 instead of 1027002 in /etc/nginx/nginx.conf:6
2024/10/30 11:31:33 [emerg] 1#1: module "/etc/nginx/modules/ngx_http_modsecurity_module.so" version 1027000 instead of 1027002 in /etc/nginx/nginx.conf:6
2024/10/30 11:31:36 [emerg] 1#1: module "/etc/nginx/modules/ngx_http_modsecurity_module.so" version 1027000 instead of 1027002 in /etc/nginx/nginx.conf:6
2024/10/30 11:31:40 [emerg] 1#1: module "/etc/nginx/modules/ngx_http_modsecurity_module.so" version 1027000 instead of 1027002 in /etc/nginx/nginx.conf:6
2024/10/30 11:31:47 [emerg] 1#1: module "/etc/nginx/modules/ngx_http_modsecurity_module.so" version 1027000 instead of 1027002 in /etc/nginx/nginx.conf:6
2024/10/30 11:32:01 [emerg] 1#1: module "/etc/nginx/modules/ngx_http_modsecurity_module.so" version 1027000 instead of 1027002 in /etc/nginx/nginx.conf:6
2024/10/30 11:32:28 [emerg] 1#1: module "/etc/nginx/modules/ngx_http_modsecurity_module.so" version 1027000 instead of 1027002 in /etc/nginx/nginx.conf:6
2024/10/30 11:33:21 [emerg] 1#1: module "/etc/nginx/modules/ngx_http_modsecurity_module.so" version 1027000 instead of 1027002 in /etc/nginx/nginx.conf:6
2024/10/30 11:34:22 [emerg] 1#1: module "/etc/nginx/modules/ngx_http_modsecurity_module.so" version 1027000 instead of 1027002 in /etc/nginx/nginx.conf:6
2024/10/30 11:35:22 [emerg] 1#1: module "/etc/nginx/modules/ngx_http_modsecurity_module.so" version 1027000 instead of 1027002 in /etc/nginx/nginx.conf:6
2024/10/30 11:36:22 [emerg] 1#1: module "/etc/nginx/modules/ngx_http_modsecurity_module.so" version 1027000 instead of 1027002 in /etc/nginx/nginx.conf:6
2024/10/30 11:37:23 [emerg] 1#1: module "/etc/nginx/modules/ngx_http_modsecurity_module.so" version 1027000 instead of 1027002 in /etc/nginx/nginx.conf:6
2024/10/30 11:38:23 [emerg] 1#1: module "/etc/nginx/modules/ngx_http_modsecurity_module.so" version 1027000 instead of 1027002 in /etc/nginx/nginx.conf:6
2024/10/30 11:39:23 [emerg] 1#1: module "/etc/nginx/modules/ngx_http_modsecurity_module.so" version 1027000 instead of 1027002 in /etc/nginx/nginx.conf:6
2024/10/30 11:40:24 [emerg] 1#1: module "/etc/nginx/modules/ngx_http_modsecurity_module.so" version 1027000 instead of 1027002 in /etc/nginx/nginx.conf:6
2024/10/30 11:41:24 [emerg] 1#1: module "/etc/nginx/modules/ngx_http_modsecurity_module.so" version 1027000 instead of 1027002 in /etc/nginx/nginx.conf:6
2024/10/30 11:42:24 [emerg] 1#1: module "/etc/nginx/modules/ngx_http_modsecurity_module.so" version 1027000 instead of 1027002 in /etc/nginx/nginx.conf:6
2024/10/30 11:43:25 [emerg] 1#1: module "/etc/nginx/modules/ngx_http_modsecurity_module.so" version 1027000 instead of 1027002 in /etc/nginx/nginx.conf:6
2024/10/30 11:44:25 [emerg] 1#1: module "/etc/nginx/modules/ngx_http_modsecurity_module.so" version 1027000 instead of 1027002 in /etc/nginx/nginx.conf:6
2024/10/30 11:45:26 [emerg] 1#1: module "/etc/nginx/modules/ngx_http_modsecurity_module.so" version 1027000 instead of 1027002 in /etc/nginx/nginx.conf:6
2024/10/30 11:46:26 [emerg] 1#1: module "/etc/nginx/modules/ngx_http_modsecurity_module.so" version 1027000 instead of 1027002 in /etc/nginx/nginx.conf:6
2024/10/30 11:47:26 [emerg] 1#1: module "/etc/nginx/modules/ngx_http_modsecurity_module.so" version 1027000 instead of 1027002 in /etc/nginx/nginx.conf:6
2024/10/30 11:48:27 [emerg] 1#1: module "/etc/nginx/modules/ngx_http_modsecurity_module.so" version 1027000 instead of 1027002 in /etc/nginx/nginx.conf:6
2024/10/30 11:49:27 [emerg] 1#1: module "/etc/nginx/modules/ngx_http_modsecurity_module.so" version 1027000 instead of 1027002 in /etc/nginx/nginx.conf:6
2024/10/30 11:50:27 [emerg] 1#1: module "/etc/nginx/modules/ngx_http_modsecurity_module.so" version 1027000 instead of 1027002 in /etc/nginx/nginx.conf:6
2024/10/30 11:51:28 [emerg] 1#1: module "/etc/nginx/modules/ngx_http_modsecurity_module.so" version 1027000 instead of 1027002 in /etc/nginx/nginx.conf:6
2024/10/30 11:52:28 [emerg] 1#1: module "/etc/nginx/modules/ngx_http_modsecurity_module.so" version 1027000 instead of 1027002 in /etc/nginx/nginx.conf:6
2024/10/30 11:53:29 [emerg] 1#1: module "/etc/nginx/modules/ngx_http_modsecurity_module.so" version 1027000 instead of 1027002 in /etc/nginx/nginx.conf:6
2024/10/30 11:54:29 [emerg] 1#1: module "/etc/nginx/modules/ngx_http_modsecurity_module.so" version 1027000 instead of 1027002 in /etc/nginx/nginx.conf:6
2024/10/30 11:55:29 [emerg] 1#1: module "/etc/nginx/modules/ngx_http_modsecurity_module.so" version 1027000 instead of 1027002 in /etc/nginx/nginx.conf:6
2024/10/30 11:56:30 [emerg] 1#1: module "/etc/nginx/modules/ngx_http_modsecurity_module.so" version 1027000 instead of 1027002 in /etc/nginx/nginx.conf:6
2024/10/30 11:57:30 [emerg] 1#1: module "/etc/nginx/modules/ngx_http_modsecurity_module.so" version 1027000 instead of 1027002 in /etc/nginx/nginx.conf:6
2024/10/30 11:58:30 [emerg] 1#1: module "/etc/nginx/modules/ngx_http_modsecurity_module.so" version 1027000 instead of 1027002 in /etc/nginx/nginx.conf:6
2024/10/30 11:59:31 [emerg] 1#1: module "/etc/nginx/modules/ngx_http_modsecurity_module.so" version 1027000 instead of 1027002 in /etc/nginx/nginx.conf:6
2024/10/30 12:00:31 [emerg] 1#1: module "/etc/nginx/modules/ngx_http_modsecurity_module.so" version 1027000 instead of 1027002 in /etc/nginx/nginx.conf:6
2024/10/30 12:01:31 [emerg] 1#1: module "/etc/nginx/modules/ngx_http_modsecurity_module.so" version 1027000 instead of 1027002 in /etc/nginx/nginx.conf:6
2024/10/30 12:02:32 [emerg] 1#1: module "/etc/nginx/modules/ngx_http_modsecurity_module.so" version 1027000 instead of 1027002 in /etc/nginx/nginx.conf:6
2024/10/30 12:03:32 [emerg] 1#1: module "/etc/nginx/modules/ngx_http_modsecurity_module.so" version 1027000 instead of 1027002 in /etc/nginx/nginx.conf:6
2024/10/30 12:04:32 [emerg] 1#1: module "/etc/nginx/modules/ngx_http_modsecurity_module.so" version 1027000 instead of 1027002 in /etc/nginx/nginx.conf:6
2024/10/30 12:05:33 [emerg] 1#1: module "/etc/nginx/modules/ngx_http_modsecurity_module.so" version 1027000 instead of 1027002 in /etc/nginx/nginx.conf:6
2024/10/30 12:06:33 [emerg] 1#1: module "/etc/nginx/modules/ngx_http_modsecurity_module.so" version 1027000 instead of 1027002 in /etc/nginx/nginx.conf:6
2024/10/30 12:07:34 [emerg] 1#1: module "/etc/nginx/modules/ngx_http_modsecurity_module.so" version 1027000 instead of 1027002 in /etc/nginx/nginx.conf:6
2024/10/30 12:08:34 [emerg] 1#1: module "/etc/nginx/modules/ngx_http_modsecurity_module.so" version 1027000 instead of 1027002 in /etc/nginx/nginx.conf:6
2024/10/30 12:09:35 [emerg] 1#1: module "/etc/nginx/modules/ngx_http_modsecurity_module.so" version 1027000 instead of 1027002 in /etc/nginx/nginx.conf:6
2024/10/30 12:10:35 [emerg] 1#1: module "/etc/nginx/modules/ngx_http_modsecurity_module.so" version 1027000 instead of 1027002 in /etc/nginx/nginx.conf:6
2024/10/30 12:11:35 [emerg] 1#1: module "/etc/nginx/modules/ngx_http_modsecurity_module.so" version 1027000 instead of 1027002 in /etc/nginx/nginx.conf:6
2024/10/30 12:12:36 [emerg] 1#1: module "/etc/nginx/modules/ngx_http_modsecurity_module.so" version 1027000 instead of 1027002 in /etc/nginx/nginx.conf:6
2024/10/30 12:13:36 [emerg] 1#1: module "/etc/nginx/modules/ngx_http_modsecurity_module.so" version 1027000 instead of 1027002 in /etc/nginx/nginx.conf:6
2024/10/30 12:14:37 [emerg] 1#1: module "/etc/nginx/modules/ngx_http_modsecurity_module.so" version 1027000 instead of 1027002 in /etc/nginx/nginx.conf:6
2024/10/30 12:15:37 [emerg] 1#1: module "/etc/nginx/modules/ngx_http_modsecurity_module.so" version 1027000 instead of 1027002 in /etc/nginx/nginx.conf:6
2024/10/30 12:16:37 [emerg] 1#1: module "/etc/nginx/modules/ngx_http_modsecurity_module.so" version 1027000 instead of 1027002 in /etc/nginx/nginx.conf:6
2024/10/30 12:17:38 [emerg] 1#1: module "/etc/nginx/modules/ngx_http_modsecurity_module.so" version 1027000 instead of 1027002 in /etc/nginx/nginx.conf:6
2024/10/30 12:18:38 [emerg] 1#1: module "/etc/nginx/modules/ngx_http_modsecurity_module.so" version 1027000 instead of 1027002 in /etc/nginx/nginx.conf:6
2024/10/30 12:19:39 [emerg] 1#1: module "/etc/nginx/modules/ngx_http_modsecurity_module.so" version 1027000 instead of 1027002 in /etc/nginx/nginx.conf:6
2024/10/30 12:20:39 [emerg] 1#1: module "/etc/nginx/modules/ngx_http_modsecurity_module.so" version 1027000 instead of 1027002 in /etc/nginx/nginx.conf:6
2024/10/30 12:21:40 [emerg] 1#1: module "/etc/nginx/modules/ngx_http_modsecurity_module.so" version 1027000 instead of 1027002 in /etc/nginx/nginx.conf:6
2024/10/30 12:22:40 [emerg] 1#1: module "/etc/nginx/modules/ngx_http_modsecurity_module.so" version 1027000 instead of 1027002 in /etc/nginx/nginx.conf:6
2024/10/30 12:23:40 [emerg] 1#1: module "/etc/nginx/modules/ngx_http_modsecurity_module.so" version 1027000 instead of 1027002 in /etc/nginx/nginx.conf:6
2024/10/30 12:24:41 [emerg] 1#1: module "/etc/nginx/modules/ngx_http_modsecurity_module.so" version 1027000 instead of 1027002 in /etc/nginx/nginx.conf:6
2024/10/30 12:25:41 [emerg] 1#1: module "/etc/nginx/modules/ngx_http_modsecurity_module.so" version 1027000 instead of 1027002 in /etc/nginx/nginx.conf:6
2024/10/30 12:26:41 [emerg] 1#1: module "/etc/nginx/modules/ngx_http_modsecurity_module.so" version 1027000 instead of 1027002 in /etc/nginx/nginx.conf:6
2024/10/30 12:27:42 [emerg] 1#1: module "/etc/nginx/modules/ngx_http_modsecurity_module.so" version 1027000 instead of 1027002 in /etc/nginx/nginx.conf:6
2024/10/30 12:28:42 [emerg] 1#1: module "/etc/nginx/modules/ngx_http_modsecurity_module.so" version 1027000 instead of 1027002 in /etc/nginx/nginx.conf:6
2024/10/30 12:29:43 [emerg] 1#1: module "/etc/nginx/modules/ngx_http_modsecurity_module.so" version 1027000 instead of 1027002 in /etc/nginx/nginx.conf:6
2024/10/30 12:30:43 [emerg] 1#1: module "/etc/nginx/modules/ngx_http_modsecurity_module.so" version 1027000 instead of 1027002 in /etc/nginx/nginx.conf:6
2024/10/30 12:31:43 [emerg] 1#1: module "/etc/nginx/modules/ngx_http_modsecurity_module.so" version 1027000 instead of 1027002 in /etc/nginx/nginx.conf:6
2024/10/30 12:32:44 [emerg] 1#1: module "/etc/nginx/modules/ngx_http_modsecurity_module.so" version 1027000 instead of 1027002 in /etc/nginx/nginx.conf:6
2024/10/30 12:33:44 [emerg] 1#1: module "/etc/nginx/modules/ngx_http_modsecurity_module.so" version 1027000 instead of 1027002 in /etc/nginx/nginx.conf:6
2024/10/30 12:34:45 [emerg] 1#1: module "/etc/nginx/modules/ngx_http_modsecurity_module.so" version 1027000 instead of 1027002 in /etc/nginx/nginx.conf:6
2024/10/30 12:35:45 [emerg] 1#1: module "/etc/nginx/modules/ngx_http_modsecurity_module.so" version 1027000 instead of 1027002 in /etc/nginx/nginx.conf:6
2024/10/30 12:36:46 [emerg] 1#1: module "/etc/nginx/modules/ngx_http_modsecurity_module.so" version 1027000 instead of 1027002 in /etc/nginx/nginx.conf:6
2024/10/30 12:37:46 [emerg] 1#1: module "/etc/nginx/modules/ngx_http_modsecurity_module.so" version 1027000 instead of 1027002 in /etc/nginx/nginx.conf:6
2024/10/30 12:38:47 [emerg] 1#1: module "/etc/nginx/modules/ngx_http_modsecurity_module.so" version 1027000 instead of 1027002 in /etc/nginx/nginx.conf:6
2024/10/30 12:39:47 [emerg] 1#1: module "/etc/nginx/modules/ngx_http_modsecurity_module.so" version 1027000 instead of 1027002 in /etc/nginx/nginx.conf:6
2024/10/30 12:40:47 [emerg] 1#1: module "/etc/nginx/modules/ngx_http_modsecurity_module.so" version 1027000 instead of 1027002 in /etc/nginx/nginx.conf:6
2024/10/30 12:41:48 [emerg] 1#1: module "/etc/nginx/modules/ngx_http_modsecurity_module.so" version 1027000 instead of 1027002 in /etc/nginx/nginx.conf:6
2024/10/30 12:42:48 [emerg] 1#1: module "/etc/nginx/modules/ngx_http_modsecurity_module.so" version 1027000 instead of 1027002 in /etc/nginx/nginx.conf:6
2024/10/30 12:43:48 [emerg] 1#1: module "/etc/nginx/modules/ngx_http_modsecurity_module.so" version 1027000 instead of 1027002 in /etc/nginx/nginx.conf:6
2024/10/30 12:44:49 [emerg] 1#1: module "/etc/nginx/modules/ngx_http_modsecurity_module.so" version 1027000 instead of 1027002 in /etc/nginx/nginx.conf:6
2024/10/30 12:45:49 [emerg] 1#1: module "/etc/nginx/modules/ngx_http_modsecurity_module.so" version 1027000 instead of 1027002 in /etc/nginx/nginx.conf:6
2024/10/30 12:46:50 [emerg] 1#1: module "/etc/nginx/modules/ngx_http_modsecurity_module.so" version 1027000 instead of 1027002 in /etc/nginx/nginx.conf:6
2024/10/30 12:47:50 [emerg] 1#1: module "/etc/nginx/modules/ngx_http_modsecurity_module.so" version 1027000 instead of 1027002 in /etc/nginx/nginx.conf:6
2024/10/30 12:48:51 [emerg] 1#1: module "/etc/nginx/modules/ngx_http_modsecurity_module.so" version 1027000 instead of 1027002 in /etc/nginx/nginx.conf:6
2024/10/30 14:09:38 [emerg] 1#1: module "/etc/nginx/modules/ngx_http_modsecurity_module.so" version 1027000 instead of 1027002 in /etc/nginx/nginx.conf:6
2024/10/30 14:09:43 [emerg] 1#1: module "/etc/nginx/modules/ngx_http_modsecurity_module.so" version 1027000 instead of 1027002 in /etc/nginx/nginx.conf:6
2024/10/30 14:09:44 [emerg] 1#1: module "/etc/nginx/modules/ngx_http_modsecurity_module.so" version 1027000 instead of 1027002 in /etc/nginx/nginx.conf:6
2024/10/30 14:09:45 [emerg] 1#1: module "/etc/nginx/modules/ngx_http_modsecurity_module.so" version 1027000 instead of 1027002 in /etc/nginx/nginx.conf:6
2024/10/30 14:09:46 [emerg] 1#1: module "/etc/nginx/modules/ngx_http_modsecurity_module.so" version 1027000 instead of 1027002 in /etc/nginx/nginx.conf:6
2024/10/30 14:09:49 [emerg] 1#1: module "/etc/nginx/modules/ngx_http_modsecurity_module.so" version 1027000 instead of 1027002 in /etc/nginx/nginx.conf:6
2024/10/30 14:09:52 [emerg] 1#1: module "/etc/nginx/modules/ngx_http_modsecurity_module.so" version 1027000 instead of 1027002 in /etc/nginx/nginx.conf:6
2024/10/30 14:09:59 [emerg] 1#1: module "/etc/nginx/modules/ngx_http_modsecurity_module.so" version 1027000 instead of 1027002 in /etc/nginx/nginx.conf:6
2024/10/30 14:10:13 [emerg] 1#1: module "/etc/nginx/modules/ngx_http_modsecurity_module.so" version 1027000 instead of 1027002 in /etc/nginx/nginx.conf:6
2024/10/30 14:10:39 [emerg] 1#1: module "/etc/nginx/modules/ngx_http_modsecurity_module.so" version 1027000 instead of 1027002 in /etc/nginx/nginx.conf:6
2024/10/30 14:11:30 [emerg] 1#1: module "/etc/nginx/modules/ngx_http_modsecurity_module.so" version 1027000 instead of 1027002 in /etc/nginx/nginx.conf:6
2024/10/30 14:12:31 [emerg] 1#1: module "/etc/nginx/modules/ngx_http_modsecurity_module.so" version 1027000 instead of 1027002 in /etc/nginx/nginx.conf:6
2024/10/30 14:13:31 [emerg] 1#1: module "/etc/nginx/modules/ngx_http_modsecurity_module.so" version 1027000 instead of 1027002 in /etc/nginx/nginx.conf:6
2024/10/30 14:14:31 [emerg] 1#1: module "/etc/nginx/modules/ngx_http_modsecurity_module.so" version 1027000 instead of 1027002 in /etc/nginx/nginx.conf:6
2024/10/30 14:15:32 [emerg] 1#1: module "/etc/nginx/modules/ngx_http_modsecurity_module.so" version 1027000 instead of 1027002 in /etc/nginx/nginx.conf:6
2024/10/30 14:16:32 [emerg] 1#1: module "/etc/nginx/modules/ngx_http_modsecurity_module.so" version 1027000 instead of 1027002 in /etc/nginx/nginx.conf:6
2024/10/30 14:17:32 [emerg] 1#1: module "/etc/nginx/modules/ngx_http_modsecurity_module.so" version 1027000 instead of 1027002 in /etc/nginx/nginx.conf:6
2024/10/30 14:18:33 [emerg] 1#1: module "/etc/nginx/modules/ngx_http_modsecurity_module.so" version 1027000 instead of 1027002 in /etc/nginx/nginx.conf:6
2024/10/30 14:19:33 [emerg] 1#1: module "/etc/nginx/modules/ngx_http_modsecurity_module.so" version 1027000 instead of 1027002 in /etc/nginx/nginx.conf:6
2024/10/30 14:20:33 [emerg] 1#1: module "/etc/nginx/modules/ngx_http_modsecurity_module.so" version 1027000 instead of 1027002 in /etc/nginx/nginx.conf:6
2024/10/30 14:21:34 [emerg] 1#1: module "/etc/nginx/modules/ngx_http_modsecurity_module.so" version 1027000 instead of 1027002 in /etc/nginx/nginx.conf:6
2024/10/30 14:22:34 [emerg] 1#1: module "/etc/nginx/modules/ngx_http_modsecurity_module.so" version 1027000 instead of 1027002 in /etc/nginx/nginx.conf:6
2024/10/30 14:23:34 [emerg] 1#1: module "/etc/nginx/modules/ngx_http_modsecurity_module.so" version 1027000 instead of 1027002 in /etc/nginx/nginx.conf:6
2024/10/30 14:24:35 [emerg] 1#1: module "/etc/nginx/modules/ngx_http_modsecurity_module.so" version 1027000 instead of 1027002 in /etc/nginx/nginx.conf:6
2024/10/30 14:25:35 [emerg] 1#1: module "/etc/nginx/modules/ngx_http_modsecurity_module.so" version 1027000 instead of 1027002 in /etc/nginx/nginx.conf:6
2024/10/30 14:26:35 [emerg] 1#1: module "/etc/nginx/modules/ngx_http_modsecurity_module.so" version 1027000 instead of 1027002 in /etc/nginx/nginx.conf:6
2024/10/30 14:27:36 [emerg] 1#1: module "/etc/nginx/modules/ngx_http_modsecurity_module.so" version 1027000 instead of 1027002 in /etc/nginx/nginx.conf:6
2024/10/30 14:28:36 [emerg] 1#1: module "/etc/nginx/modules/ngx_http_modsecurity_module.so" version 1027000 instead of 1027002 in /etc/nginx/nginx.conf:6
2024/10/30 14:29:37 [emerg] 1#1: module "/etc/nginx/modules/ngx_http_modsecurity_module.so" version 1027000 instead of 1027002 in /etc/nginx/nginx.conf:6
2024/10/30 14:30:37 [emerg] 1#1: module "/etc/nginx/modules/ngx_http_modsecurity_module.so" version 1027000 instead of 1027002 in /etc/nginx/nginx.conf:6
2024/10/30 14:31:37 [emerg] 1#1: module "/etc/nginx/modules/ngx_http_modsecurity_module.so" version 1027000 instead of 1027002 in /etc/nginx/nginx.conf:6
2024/10/30 14:32:38 [emerg] 1#1: module "/etc/nginx/modules/ngx_http_modsecurity_module.so" version 1027000 instead of 1027002 in /etc/nginx/nginx.conf:6
2024/10/30 14:33:38 [emerg] 1#1: module "/etc/nginx/modules/ngx_http_modsecurity_module.so" version 1027000 instead of 1027002 in /etc/nginx/nginx.conf:6
2024/10/30 14:34:38 [emerg] 1#1: module "/etc/nginx/modules/ngx_http_modsecurity_module.so" version 1027000 instead of 1027002 in /etc/nginx/nginx.conf:6
2024/10/30 14:35:39 [emerg] 1#1: module "/etc/nginx/modules/ngx_http_modsecurity_module.so" version 1027000 instead of 1027002 in /etc/nginx/nginx.conf:6
2024/10/30 14:36:39 [emerg] 1#1: module "/etc/nginx/modules/ngx_http_modsecurity_module.so" version 1027000 instead of 1027002 in /etc/nginx/nginx.conf:6
2024/10/30 14:37:39 [emerg] 1#1: module "/etc/nginx/modules/ngx_http_modsecurity_module.so" version 1027000 instead of 1027002 in /etc/nginx/nginx.conf:6
2024/10/30 14:38:39 [emerg] 1#1: module "/etc/nginx/modules/ngx_http_modsecurity_module.so" version 1027000 instead of 1027002 in /etc/nginx/nginx.conf:6
2024/10/30 14:39:40 [emerg] 1#1: module "/etc/nginx/modules/ngx_http_modsecurity_module.so" version 1027000 instead of 1027002 in /etc/nginx/nginx.conf:6
2024/10/30 14:40:40 [emerg] 1#1: module "/etc/nginx/modules/ngx_http_modsecurity_module.so" version 1027000 instead of 1027002 in /etc/nginx/nginx.conf:6
2024/10/30 14:41:41 [emerg] 1#1: module "/etc/nginx/modules/ngx_http_modsecurity_module.so" version 1027000 instead of 1027002 in /etc/nginx/nginx.conf:6
2024/10/30 14:42:41 [emerg] 1#1: module "/etc/nginx/modules/ngx_http_modsecurity_module.so" version 1027000 instead of 1027002 in /etc/nginx/nginx.conf:6
2024/10/30 14:43:41 [emerg] 1#1: module "/etc/nginx/modules/ngx_http_modsecurity_module.so" version 1027000 instead of 1027002 in /etc/nginx/nginx.conf:6
2024/10/30 14:44:41 [emerg] 1#1: module "/etc/nginx/modules/ngx_http_modsecurity_module.so" version 1027000 instead of 1027002 in /etc/nginx/nginx.conf:6
2024/10/30 14:45:42 [emerg] 1#1: module "/etc/nginx/modules/ngx_http_modsecurity_module.so" version 1027000 instead of 1027002 in /etc/nginx/nginx.conf:6
2024/10/30 14:46:42 [emerg] 1#1: module "/etc/nginx/modules/ngx_http_modsecurity_module.so" version 1027000 instead of 1027002 in /etc/nginx/nginx.conf:6
2024/10/30 14:47:42 [emerg] 1#1: module "/etc/nginx/modules/ngx_http_modsecurity_module.so" version 1027000 instead of 1027002 in /etc/nginx/nginx.conf:6
2024/10/30 14:48:43 [emerg] 1#1: module "/etc/nginx/modules/ngx_http_modsecurity_module.so" version 1027000 instead of 1027002 in /etc/nginx/nginx.conf:6
2024/10/30 14:49:43 [emerg] 1#1: module "/etc/nginx/modules/ngx_http_modsecurity_module.so" version 1027000 instead of 1027002 in /etc/nginx/nginx.conf:6
2024/10/30 14:50:43 [emerg] 1#1: module "/etc/nginx/modules/ngx_http_modsecurity_module.so" version 1027000 instead of 1027002 in /etc/nginx/nginx.conf:6
2024/10/30 14:51:44 [emerg] 1#1: module "/etc/nginx/modules/ngx_http_modsecurity_module.so" version 1027000 instead of 1027002 in /etc/nginx/nginx.conf:6
2024/10/30 14:52:44 [emerg] 1#1: module "/etc/nginx/modules/ngx_http_modsecurity_module.so" version 1027000 instead of 1027002 in /etc/nginx/nginx.conf:6
2024/10/30 14:53:44 [emerg] 1#1: module "/etc/nginx/modules/ngx_http_modsecurity_module.so" version 1027000 instead of 1027002 in /etc/nginx/nginx.conf:6
2024/10/30 14:54:45 [emerg] 1#1: module "/etc/nginx/modules/ngx_http_modsecurity_module.so" version 1027000 instead of 1027002 in /etc/nginx/nginx.conf:6
2024/10/30 14:55:45 [emerg] 1#1: module "/etc/nginx/modules/ngx_http_modsecurity_module.so" version 1027000 instead of 1027002 in /etc/nginx/nginx.conf:6
2024/10/30 14:56:46 [emerg] 1#1: module "/etc/nginx/modules/ngx_http_modsecurity_module.so" version 1027000 instead of 1027002 in /etc/nginx/nginx.conf:6
2024/10/30 14:57:46 [emerg] 1#1: module "/etc/nginx/modules/ngx_http_modsecurity_module.so" version 1027000 instead of 1027002 in /etc/nginx/nginx.conf:6
2024/10/30 14:58:46 [emerg] 1#1: module "/etc/nginx/modules/ngx_http_modsecurity_module.so" version 1027000 instead of 1027002 in /etc/nginx/nginx.conf:6
2024/10/30 14:59:47 [emerg] 1#1: module "/etc/nginx/modules/ngx_http_modsecurity_module.so" version 1027000 instead of 1027002 in /etc/nginx/nginx.conf:6
2024/10/30 15:00:47 [emerg] 1#1: module "/etc/nginx/modules/ngx_http_modsecurity_module.so" version 1027000 instead of 1027002 in /etc/nginx/nginx.conf:6
2024/10/30 15:01:48 [emerg] 1#1: module "/etc/nginx/modules/ngx_http_modsecurity_module.so" version 1027000 instead of 1027002 in /etc/nginx/nginx.conf:6
2024/10/30 15:02:48 [emerg] 1#1: module "/etc/nginx/modules/ngx_http_modsecurity_module.so" version 1027000 instead of 1027002 in /etc/nginx/nginx.conf:6
2024/10/30 15:03:48 [emerg] 1#1: module "/etc/nginx/modules/ngx_http_modsecurity_module.so" version 1027000 instead of 1027002 in /etc/nginx/nginx.conf:6
2024/10/30 15:04:49 [emerg] 1#1: module "/etc/nginx/modules/ngx_http_modsecurity_module.so" version 1027000 instead of 1027002 in /etc/nginx/nginx.conf:6
2024/10/30 15:05:49 [emerg] 1#1: module "/etc/nginx/modules/ngx_http_modsecurity_module.so" version 1027000 instead of 1027002 in /etc/nginx/nginx.conf:6
2024/10/30 15:06:50 [emerg] 1#1: module "/etc/nginx/modules/ngx_http_modsecurity_module.so" version 1027000 instead of 1027002 in /etc/nginx/nginx.conf:6
2024/10/30 15:07:50 [emerg] 1#1: module "/etc/nginx/modules/ngx_http_modsecurity_module.so" version 1027000 instead of 1027002 in /etc/nginx/nginx.conf:6
2024/10/30 15:08:51 [emerg] 1#1: module "/etc/nginx/modules/ngx_http_modsecurity_module.so" version 1027000 instead of 1027002 in /etc/nginx/nginx.conf:6
2024/10/30 15:09:51 [emerg] 1#1: module "/etc/nginx/modules/ngx_http_modsecurity_module.so" version 1027000 instead of 1027002 in /etc/nginx/nginx.conf:6
2024/10/30 15:10:52 [emerg] 1#1: module "/etc/nginx/modules/ngx_http_modsecurity_module.so" version 1027000 instead of 1027002 in /etc/nginx/nginx.conf:6
2024/10/30 15:11:52 [emerg] 1#1: module "/etc/nginx/modules/ngx_http_modsecurity_module.so" version 1027000 instead of 1027002 in /etc/nginx/nginx.conf:6
2024/10/30 15:12:52 [emerg] 1#1: module "/etc/nginx/modules/ngx_http_modsecurity_module.so" version 1027000 instead of 1027002 in /etc/nginx/nginx.conf:6
2024/10/30 15:13:53 [emerg] 1#1: module "/etc/nginx/modules/ngx_http_modsecurity_module.so" version 1027000 instead of 1027002 in /etc/nginx/nginx.conf:6
2024/10/30 15:14:53 [emerg] 1#1: module "/etc/nginx/modules/ngx_http_modsecurity_module.so" version 1027000 instead of 1027002 in /etc/nginx/nginx.conf:6
2024/10/30 15:15:54 [emerg] 1#1: module "/etc/nginx/modules/ngx_http_modsecurity_module.so" version 1027000 instead of 1027002 in /etc/nginx/nginx.conf:6
2024/10/30 15:16:54 [emerg] 1#1: module "/etc/nginx/modules/ngx_http_modsecurity_module.so" version 1027000 instead of 1027002 in /etc/nginx/nginx.conf:6
2024/10/30 15:17:55 [emerg] 1#1: module "/etc/nginx/modules/ngx_http_modsecurity_module.so" version 1027000 instead of 1027002 in /etc/nginx/nginx.conf:6
2024/10/30 15:18:55 [emerg] 1#1: module "/etc/nginx/modules/ngx_http_modsecurity_module.so" version 1027000 instead of 1027002 in /etc/nginx/nginx.conf:6
2024/10/30 15:19:55 [emerg] 1#1: module "/etc/nginx/modules/ngx_http_modsecurity_module.so" version 1027000 instead of 1027002 in /etc/nginx/nginx.conf:6
2024/10/30 15:20:56 [emerg] 1#1: module "/etc/nginx/modules/ngx_http_modsecurity_module.so" version 1027000 instead of 1027002 in /etc/nginx/nginx.conf:6
2024/10/30 15:21:56 [emerg] 1#1: module "/etc/nginx/modules/ngx_http_modsecurity_module.so" version 1027000 instead of 1027002 in /etc/nginx/nginx.conf:6
2024/10/30 15:22:57 [emerg] 1#1: module "/etc/nginx/modules/ngx_http_modsecurity_module.so" version 1027000 instead of 1027002 in /etc/nginx/nginx.conf:6
2024/10/30 15:23:57 [emerg] 1#1: module "/etc/nginx/modules/ngx_http_modsecurity_module.so" version 1027000 instead of 1027002 in /etc/nginx/nginx.conf:6
2024/10/30 15:24:58 [emerg] 1#1: module "/etc/nginx/modules/ngx_http_modsecurity_module.so" version 1027000 instead of 1027002 in /etc/nginx/nginx.conf:6
2024/10/30 15:25:58 [emerg] 1#1: module "/etc/nginx/modules/ngx_http_modsecurity_module.so" version 1027000 instead of 1027002 in /etc/nginx/nginx.conf:6
2024/10/30 15:26:58 [emerg] 1#1: module "/etc/nginx/modules/ngx_http_modsecurity_module.so" version 1027000 instead of 1027002 in /etc/nginx/nginx.conf:6
2024/10/30 15:27:59 [emerg] 1#1: module "/etc/nginx/modules/ngx_http_modsecurity_module.so" version 1027000 instead of 1027002 in /etc/nginx/nginx.conf:6
2024/10/30 15:28:59 [emerg] 1#1: module "/etc/nginx/modules/ngx_http_modsecurity_module.so" version 1027000 instead of 1027002 in /etc/nginx/nginx.conf:6
2024/10/30 15:29:59 [emerg] 1#1: module "/etc/nginx/modules/ngx_http_modsecurity_module.so" version 1027000 instead of 1027002 in /etc/nginx/nginx.conf:6
2024/10/30 15:31:00 [emerg] 1#1: module "/etc/nginx/modules/ngx_http_modsecurity_module.so" version 1027000 instead of 1027002 in /etc/nginx/nginx.conf:6
2024/10/30 15:32:00 [emerg] 1#1: module "/etc/nginx/modules/ngx_http_modsecurity_module.so" version 1027000 instead of 1027002 in /etc/nginx/nginx.conf:6
2024/10/30 15:33:01 [emerg] 1#1: module "/etc/nginx/modules/ngx_http_modsecurity_module.so" version 1027000 instead of 1027002 in /etc/nginx/nginx.conf:6
2024/10/30 15:34:01 [emerg] 1#1: module "/etc/nginx/modules/ngx_http_modsecurity_module.so" version 1027000 instead of 1027002 in /etc/nginx/nginx.conf:6
2024/10/30 15:35:02 [emerg] 1#1: module "/etc/nginx/modules/ngx_http_modsecurity_module.so" version 1027000 instead of 1027002 in /etc/nginx/nginx.conf:6
2024/10/30 15:36:02 [emerg] 1#1: module "/etc/nginx/modules/ngx_http_modsecurity_module.so" version 1027000 instead of 1027002 in /etc/nginx/nginx.conf:6
2024/10/30 15:37:03 [emerg] 1#1: module "/etc/nginx/modules/ngx_http_modsecurity_module.so" version 1027000 instead of 1027002 in /etc/nginx/nginx.conf:6
2024/10/30 15:38:03 [emerg] 1#1: module "/etc/nginx/modules/ngx_http_modsecurity_module.so" version 1027000 instead of 1027002 in /etc/nginx/nginx.conf:6
2024/10/30 15:39:03 [emerg] 1#1: module "/etc/nginx/modules/ngx_http_modsecurity_module.so" version 1027000 instead of 1027002 in /etc/nginx/nginx.conf:6
2024/10/30 15:40:04 [emerg] 1#1: module "/etc/nginx/modules/ngx_http_modsecurity_module.so" version 1027000 instead of 1027002 in /etc/nginx/nginx.conf:6
2024/10/30 15:41:04 [emerg] 1#1: module "/etc/nginx/modules/ngx_http_modsecurity_module.so" version 1027000 instead of 1027002 in /etc/nginx/nginx.conf:6
2024/10/30 15:42:05 [emerg] 1#1: module "/etc/nginx/modules/ngx_http_modsecurity_module.so" version 1027000 instead of 1027002 in /etc/nginx/nginx.conf:6
2024/10/30 15:43:05 [emerg] 1#1: module "/etc/nginx/modules/ngx_http_modsecurity_module.so" version 1027000 instead of 1027002 in /etc/nginx/nginx.conf:6
2024/10/30 15:44:05 [emerg] 1#1: module "/etc/nginx/modules/ngx_http_modsecurity_module.so" version 1027000 instead of 1027002 in /etc/nginx/nginx.conf:6
2024/10/30 15:45:06 [emerg] 1#1: module "/etc/nginx/modules/ngx_http_modsecurity_module.so" version 1027000 instead of 1027002 in /etc/nginx/nginx.conf:6
2024/10/30 15:46:06 [emerg] 1#1: module "/etc/nginx/modules/ngx_http_modsecurity_module.so" version 1027000 instead of 1027002 in /etc/nginx/nginx.conf:6
2024/10/30 15:47:07 [emerg] 1#1: module "/etc/nginx/modules/ngx_http_modsecurity_module.so" version 1027000 instead of 1027002 in /etc/nginx/nginx.conf:6
2024/10/30 15:48:07 [emerg] 1#1: module "/etc/nginx/modules/ngx_http_modsecurity_module.so" version 1027000 instead of 1027002 in /etc/nginx/nginx.conf:6
2024/10/30 15:49:08 [emerg] 1#1: module "/etc/nginx/modules/ngx_http_modsecurity_module.so" version 1027000 instead of 1027002 in /etc/nginx/nginx.conf:6
2024/10/30 15:50:08 [emerg] 1#1: module "/etc/nginx/modules/ngx_http_modsecurity_module.so" version 1027000 instead of 1027002 in /etc/nginx/nginx.conf:6
2024/10/30 15:51:09 [emerg] 1#1: module "/etc/nginx/modules/ngx_http_modsecurity_module.so" version 1027000 instead of 1027002 in /etc/nginx/nginx.conf:6
2024/10/30 15:52:09 [emerg] 1#1: module "/etc/nginx/modules/ngx_http_modsecurity_module.so" version 1027000 instead of 1027002 in /etc/nginx/nginx.conf:6
2024/10/30 15:53:10 [emerg] 1#1: module "/etc/nginx/modules/ngx_http_modsecurity_module.so" version 1027000 instead of 1027002 in /etc/nginx/nginx.conf:6
2024/10/30 15:54:10 [emerg] 1#1: module "/etc/nginx/modules/ngx_http_modsecurity_module.so" version 1027000 instead of 1027002 in /etc/nginx/nginx.conf:6
2024/10/30 15:55:11 [emerg] 1#1: module "/etc/nginx/modules/ngx_http_modsecurity_module.so" version 1027000 instead of 1027002 in /etc/nginx/nginx.conf:6
2024/10/30 15:56:11 [emerg] 1#1: module "/etc/nginx/modules/ngx_http_modsecurity_module.so" version 1027000 instead of 1027002 in /etc/nginx/nginx.conf:6
2024/10/30 15:57:11 [emerg] 1#1: module "/etc/nginx/modules/ngx_http_modsecurity_module.so" version 1027000 instead of 1027002 in /etc/nginx/nginx.conf:6
2024/10/30 15:58:12 [emerg] 1#1: module "/etc/nginx/modules/ngx_http_modsecurity_module.so" version 1027000 instead of 1027002 in /etc/nginx/nginx.conf:6
2024/10/30 15:59:12 [emerg] 1#1: module "/etc/nginx/modules/ngx_http_modsecurity_module.so" version 1027000 instead of 1027002 in /etc/nginx/nginx.conf:6
2024/10/30 16:00:13 [emerg] 1#1: module "/etc/nginx/modules/ngx_http_modsecurity_module.so" version 1027000 instead of 1027002 in /etc/nginx/nginx.conf:6
2024/10/30 16:01:13 [emerg] 1#1: module "/etc/nginx/modules/ngx_http_modsecurity_module.so" version 1027000 instead of 1027002 in /etc/nginx/nginx.conf:6
2024/10/30 16:02:13 [emerg] 1#1: module "/etc/nginx/modules/ngx_http_modsecurity_module.so" version 1027000 instead of 1027002 in /etc/nginx/nginx.conf:6
2024/10/30 16:03:14 [emerg] 1#1: module "/etc/nginx/modules/ngx_http_modsecurity_module.so" version 1027000 instead of 1027002 in /etc/nginx/nginx.conf:6
2024/10/30 16:04:14 [emerg] 1#1: module "/etc/nginx/modules/ngx_http_modsecurity_module.so" version 1027000 instead of 1027002 in /etc/nginx/nginx.conf:6
2024/10/30 16:05:14 [emerg] 1#1: module "/etc/nginx/modules/ngx_http_modsecurity_module.so" version 1027000 instead of 1027002 in /etc/nginx/nginx.conf:6
2024/10/30 16:06:15 [emerg] 1#1: module "/etc/nginx/modules/ngx_http_modsecurity_module.so" version 1027000 instead of 1027002 in /etc/nginx/nginx.conf:6
2024/10/30 16:07:15 [emerg] 1#1: module "/etc/nginx/modules/ngx_http_modsecurity_module.so" version 1027000 instead of 1027002 in /etc/nginx/nginx.conf:6
2024/10/30 16:08:15 [emerg] 1#1: module "/etc/nginx/modules/ngx_http_modsecurity_module.so" version 1027000 instead of 1027002 in /etc/nginx/nginx.conf:6
2024/10/30 16:09:16 [emerg] 1#1: module "/etc/nginx/modules/ngx_http_modsecurity_module.so" version 1027000 instead of 1027002 in /etc/nginx/nginx.conf:6
2024/10/30 16:10:16 [emerg] 1#1: module "/etc/nginx/modules/ngx_http_modsecurity_module.so" version 1027000 instead of 1027002 in /etc/nginx/nginx.conf:6
2024/10/30 16:11:17 [emerg] 1#1: module "/etc/nginx/modules/ngx_http_modsecurity_module.so" version 1027000 instead of 1027002 in /etc/nginx/nginx.conf:6
2024/10/30 16:12:17 [emerg] 1#1: module "/etc/nginx/modules/ngx_http_modsecurity_module.so" version 1027000 instead of 1027002 in /etc/nginx/nginx.conf:6
2024/10/30 16:13:17 [emerg] 1#1: module "/etc/nginx/modules/ngx_http_modsecurity_module.so" version 1027000 instead of 1027002 in /etc/nginx/nginx.conf:6
2024/10/30 16:14:18 [emerg] 1#1: module "/etc/nginx/modules/ngx_http_modsecurity_module.so" version 1027000 instead of 1027002 in /etc/nginx/nginx.conf:6
2024/10/30 16:15:18 [emerg] 1#1: module "/etc/nginx/modules/ngx_http_modsecurity_module.so" version 1027000 instead of 1027002 in /etc/nginx/nginx.conf:6
2024/10/30 16:16:19 [emerg] 1#1: module "/etc/nginx/modules/ngx_http_modsecurity_module.so" version 1027000 instead of 1027002 in /etc/nginx/nginx.conf:6
2024/10/30 16:17:19 [emerg] 1#1: module "/etc/nginx/modules/ngx_http_modsecurity_module.so" version 1027000 instead of 1027002 in /etc/nginx/nginx.conf:6
2024/10/30 16:18:19 [emerg] 1#1: module "/etc/nginx/modules/ngx_http_modsecurity_module.so" version 1027000 instead of 1027002 in /etc/nginx/nginx.conf:6
2024/10/30 16:19:20 [emerg] 1#1: module "/etc/nginx/modules/ngx_http_modsecurity_module.so" version 1027000 instead of 1027002 in /etc/nginx/nginx.conf:6
2024/10/30 16:20:20 [emerg] 1#1: module "/etc/nginx/modules/ngx_http_modsecurity_module.so" version 1027000 instead of 1027002 in /etc/nginx/nginx.conf:6
2024/10/30 16:21:20 [emerg] 1#1: module "/etc/nginx/modules/ngx_http_modsecurity_module.so" version 1027000 instead of 1027002 in /etc/nginx/nginx.conf:6
2024/10/30 16:22:21 [emerg] 1#1: module "/etc/nginx/modules/ngx_http_modsecurity_module.so" version 1027000 instead of 1027002 in /etc/nginx/nginx.conf:6
2024/10/30 16:23:21 [emerg] 1#1: module "/etc/nginx/modules/ngx_http_modsecurity_module.so" version 1027000 instead of 1027002 in /etc/nginx/nginx.conf:6
2024/10/30 16:24:22 [emerg] 1#1: module "/etc/nginx/modules/ngx_http_modsecurity_module.so" version 1027000 instead of 1027002 in /etc/nginx/nginx.conf:6
2024/10/30 16:25:22 [emerg] 1#1: module "/etc/nginx/modules/ngx_http_modsecurity_module.so" version 1027000 instead of 1027002 in /etc/nginx/nginx.conf:6
2024/10/30 16:26:22 [emerg] 1#1: module "/etc/nginx/modules/ngx_http_modsecurity_module.so" version 1027000 instead of 1027002 in /etc/nginx/nginx.conf:6
2024/10/30 16:27:23 [emerg] 1#1: module "/etc/nginx/modules/ngx_http_modsecurity_module.so" version 1027000 instead of 1027002 in /etc/nginx/nginx.conf:6
2024/10/30 16:28:23 [emerg] 1#1: module "/etc/nginx/modules/ngx_http_modsecurity_module.so" version 1027000 instead of 1027002 in /etc/nginx/nginx.conf:6
2024/10/30 16:29:24 [emerg] 1#1: module "/etc/nginx/modules/ngx_http_modsecurity_module.so" version 1027000 instead of 1027002 in /etc/nginx/nginx.conf:6
2024/10/30 16:30:24 [emerg] 1#1: module "/etc/nginx/modules/ngx_http_modsecurity_module.so" version 1027000 instead of 1027002 in /etc/nginx/nginx.conf:6
2024/10/30 16:31:24 [emerg] 1#1: module "/etc/nginx/modules/ngx_http_modsecurity_module.so" version 1027000 instead of 1027002 in /etc/nginx/nginx.conf:6
2024/10/30 16:32:25 [emerg] 1#1: module "/etc/nginx/modules/ngx_http_modsecurity_module.so" version 1027000 instead of 1027002 in /etc/nginx/nginx.conf:6
2024/10/30 16:33:25 [emerg] 1#1: module "/etc/nginx/modules/ngx_http_modsecurity_module.so" version 1027000 instead of 1027002 in /etc/nginx/nginx.conf:6
2024/10/30 16:34:25 [emerg] 1#1: module "/etc/nginx/modules/ngx_http_modsecurity_module.so" version 1027000 instead of 1027002 in /etc/nginx/nginx.conf:6
2024/10/30 16:35:26 [emerg] 1#1: module "/etc/nginx/modules/ngx_http_modsecurity_module.so" version 1027000 instead of 1027002 in /etc/nginx/nginx.conf:6
2024/10/30 16:36:26 [emerg] 1#1: module "/etc/nginx/modules/ngx_http_modsecurity_module.so" version 1027000 instead of 1027002 in /etc/nginx/nginx.conf:6
2024/10/30 16:37:27 [emerg] 1#1: module "/etc/nginx/modules/ngx_http_modsecurity_module.so" version 1027000 instead of 1027002 in /etc/nginx/nginx.conf:6
2024/10/30 16:38:27 [emerg] 1#1: module "/etc/nginx/modules/ngx_http_modsecurity_module.so" version 1027000 instead of 1027002 in /etc/nginx/nginx.conf:6
2024/10/30 16:39:27 [emerg] 1#1: module "/etc/nginx/modules/ngx_http_modsecurity_module.so" version 1027000 instead of 1027002 in /etc/nginx/nginx.conf:6
2024/10/30 16:40:28 [emerg] 1#1: module "/etc/nginx/modules/ngx_http_modsecurity_module.so" version 1027000 instead of 1027002 in /etc/nginx/nginx.conf:6
2024/10/30 16:41:28 [emerg] 1#1: module "/etc/nginx/modules/ngx_http_modsecurity_module.so" version 1027000 instead of 1027002 in /etc/nginx/nginx.conf:6
2024/10/30 16:42:29 [emerg] 1#1: module "/etc/nginx/modules/ngx_http_modsecurity_module.so" version 1027000 instead of 1027002 in /etc/nginx/nginx.conf:6
2024/10/30 16:43:29 [emerg] 1#1: module "/etc/nginx/modules/ngx_http_modsecurity_module.so" version 1027000 instead of 1027002 in /etc/nginx/nginx.conf:6
2024/10/30 16:44:29 [emerg] 1#1: module "/etc/nginx/modules/ngx_http_modsecurity_module.so" version 1027000 instead of 1027002 in /etc/nginx/nginx.conf:6
2024/10/30 16:45:30 [emerg] 1#1: module "/etc/nginx/modules/ngx_http_modsecurity_module.so" version 1027000 instead of 1027002 in /etc/nginx/nginx.conf:6
2024/10/30 16:46:30 [emerg] 1#1: module "/etc/nginx/modules/ngx_http_modsecurity_module.so" version 1027000 instead of 1027002 in /etc/nginx/nginx.conf:6
2024/10/30 16:47:31 [emerg] 1#1: module "/etc/nginx/modules/ngx_http_modsecurity_module.so" version 1027000 instead of 1027002 in /etc/nginx/nginx.conf:6
2024/10/30 16:48:31 [emerg] 1#1: module "/etc/nginx/modules/ngx_http_modsecurity_module.so" version 1027000 instead of 1027002 in /etc/nginx/nginx.conf:6
2024/11/19 02:09:55 [notice] 1#1: using the "epoll" event method
2024/11/19 02:09:55 [notice] 1#1: nginx/1.27.2
2024/11/19 02:09:55 [notice] 1#1: built by gcc 12.2.0 (Debian 12.2.0-14) 
2024/11/19 02:09:55 [notice] 1#1: OS: Linux 5.15.49-linuxkit
2024/11/19 02:09:55 [notice] 1#1: getrlimit(RLIMIT_NOFILE): 1048576:1048576
2024/11/19 02:09:55 [notice] 1#1: start worker processes
2024/11/19 02:09:55 [notice] 1#1: start worker process 29
2024/11/19 02:09:55 [notice] 1#1: start worker process 30
